Using pre-set license
Built from 'trunk' branch; Version is '2022.1.0a12 (816252c3efbb) revision 8479314'; Using compiler version '192829333'; Build Type 'Release'
OS: 'Windows 10 Home; OS build 19042.1348; Version 2009; 64bit' Language: 'en' Physical Memory: 32685 MB
BatchMode: 1, IsHumanControllingUs: 0, StartBugReporterOnCrash: 0, Is64bit: 1, IsPro: 0

COMMAND LINE ARGUMENTS:
C:\Program Files\Unity\Hub\Editor\2022.1.0a12\Editor\Unity.exe
-adb2
-batchMode
-noUpm
-name
AssetImportWorker2
-projectPath
C:/Users/Pkwor/OneDrive/Documents/GitHub/Group1_Unity_Project/Group1_Shooter/README.md/Group1_Unity_Project/Group1_Unity_Project
-logFile
Logs/AssetImportWorker2.log
-srvPort
53820
Successfully changed project path to: C:/Users/Pkwor/OneDrive/Documents/GitHub/Group1_Unity_Project/Group1_Shooter/README.md/Group1_Unity_Project/Group1_Unity_Project
C:/Users/Pkwor/OneDrive/Documents/GitHub/Group1_Unity_Project/Group1_Shooter/README.md/Group1_Unity_Project/Group1_Unity_Project
[UnityMemory] Configuration Parameters - Can be set up in boot.config
    "memorysetup-bucket-allocator-granularity=16"
    "memorysetup-bucket-allocator-bucket-count=8"
    "memorysetup-bucket-allocator-block-size=33554432"
    "memorysetup-bucket-allocator-block-count=8"
    "memorysetup-main-allocator-block-size=16777216"
    "memorysetup-thread-allocator-block-size=16777216"
    "memorysetup-gfx-main-allocator-block-size=16777216"
    "memorysetup-gfx-thread-allocator-block-size=16777216"
    "memorysetup-cache-allocator-block-size=4194304"
    "memorysetup-typetree-allocator-block-size=2097152"
    "memorysetup-profiler-bucket-allocator-granularity=16"
    "memorysetup-profiler-bucket-allocator-bucket-count=8"
    "memorysetup-profiler-bucket-allocator-block-size=33554432"
    "memorysetup-profiler-bucket-allocator-block-count=8"
    "memorysetup-profiler-allocator-block-size=16777216"
    "memorysetup-profiler-editor-allocator-block-size=1048576"
    "memorysetup-temp-allocator-size-main=16777216"
    "memorysetup-job-temp-allocator-block-size=2097152"
    "memorysetup-job-temp-allocator-block-size-background=1048576"
    "memorysetup-job-temp-allocator-reduction-small-platforms=262144"
    "memorysetup-temp-allocator-size-background-worker=32768"
    "memorysetup-temp-allocator-size-job-worker=262144"
    "memorysetup-temp-allocator-size-preload-manager=33554432"
    "memorysetup-temp-allocator-size-nav-mesh-worker=65536"
    "memorysetup-temp-allocator-size-audio-worker=65536"
    "memorysetup-temp-allocator-size-cloud-worker=32768"
    "memorysetup-temp-allocator-size-gi-baking-worker=262144"
    "memorysetup-temp-allocator-size-gfx=262144"
Refreshing native plugins compatible for Editor in 34.16 ms, found 5 plugins.
Preloading 0 native plugins for Editor in 0.00 ms.
Initialize engine version: 2022.1.0a12 (816252c3efbb)
[Subsystems] Discovering subsystems at path C:/Program Files/Unity/Hub/Editor/2022.1.0a12/Editor/Data/Resources/UnitySubsystems
[Subsystems] Discovering subsystems at path C:/Users/Pkwor/OneDrive/Documents/GitHub/Group1_Unity_Project/Group1_Shooter/README.md/Group1_Unity_Project/Group1_Unity_Project/Assets
GfxDevice: creating device client; threaded=0; jobified=0
Direct3D:
    Version:  Direct3D 11.0 [level 11.1]
    Renderer: NVIDIA GeForce RTX 2070 (ID=0x1f02)
    Vendor:   NVIDIA
    VRAM:     8031 MB
    Driver:   30.0.14.7212
Initialize mono
Mono path[0] = 'C:/Program Files/Unity/Hub/Editor/2022.1.0a12/Editor/Data/Managed'
Mono path[1] = 'C:/Program Files/Unity/Hub/Editor/2022.1.0a12/Editor/Data/MonoBleedingEdge/lib/mono/unityjit-win32'
Mono config path = 'C:/Program Files/Unity/Hub/Editor/2022.1.0a12/Editor/Data/MonoBleedingEdge/etc'
Using monoOptions --debugger-agent=transport=dt_socket,embedding=1,server=y,suspend=n,address=127.0.0.1:56984
Begin MonoManager ReloadAssembly
Registering precompiled unity dll's ...
Register platform support module: C:/Program Files/Unity/Hub/Editor/2022.1.0a12/Editor/Data/PlaybackEngines/WebGLSupport/UnityEditor.WebGL.Extensions.dll
Register platform support module: C:/Program Files/Unity/Hub/Editor/2022.1.0a12/Editor/Data/PlaybackEngines/WindowsStandaloneSupport/UnityEditor.WindowsStandalone.Extensions.dll
Registered in 0.006886 seconds.
Native extension for WindowsStandalone target not found
Native extension for WebGL target not found
Refreshing native plugins compatible for Editor in 31.77 ms, found 5 plugins.
Preloading 0 native plugins for Editor in 0.00 ms.
Mono: successfully reloaded assembly
- Completed reload, in  0.691 seconds
Domain Reload Profiling:
	ReloadAssembly (691ms)
		BeginReloadAssembly (57ms)
			ExecutionOrderSort (0ms)
			DisableScriptedObjects (0ms)
			BackupInstance (0ms)
			ReleaseScriptingObjects (0ms)
			CreateAndSetChildDomain (1ms)
		EndReloadAssembly (336ms)
			LoadAssemblies (55ms)
			RebuildTransferFunctionScriptingTraits (0ms)
			SetupTypeCache (87ms)
				TypeCache.Initialize (87ms)
					TypeCache.ScanAssembly (86ms)
				ResolveRequiredComponents (0ms)
			ReleaseScriptCaches (0ms)
			RebuildScriptCaches (23ms)
			SetupLoadedEditorAssemblies (183ms)
				LogAssemblyErrors (0ms)
				InitializePlatformSupportModulesInManaged (7ms)
				SetLoadedEditorAssemblies (6ms)
				RefreshPlugins (32ms)
				BeforeProcessingInitializeOnLoad (1ms)
				ProcessInitializeOnLoadAttributes (104ms)
				ProcessInitializeOnLoadMethodAttributes (32ms)
				AfterProcessingInitializeOnLoad (0ms)
				EditorAssembliesLoaded (0ms)
			ExecutionOrderSort2 (0ms)
			AwakeInstancesAfterBackupRestoration (0ms)
Platform modules already initialized, skipping
Registering precompiled user dll's ...
Registered in 0.007914 seconds.
Begin MonoManager ReloadAssembly
Symbol file LoadedFromMemory is not a mono symbol file
Symbol file LoadedFromMemory is not a mono symbol file
Symbol file LoadedFromMemory is not a mono symbol file
Symbol file LoadedFromMemory is not a mono symbol file
Native extension for WindowsStandalone target not found
Native extension for WebGL target not found
Refreshing native plugins compatible for Editor in 30.59 ms, found 5 plugins.
Preloading 0 native plugins for Editor in 0.00 ms.
Mono: successfully reloaded assembly
- Completed reload, in  0.967 seconds
Domain Reload Profiling:
	ReloadAssembly (967ms)
		BeginReloadAssembly (85ms)
			ExecutionOrderSort (0ms)
			DisableScriptedObjects (4ms)
			BackupInstance (0ms)
			ReleaseScriptingObjects (0ms)
			CreateAndSetChildDomain (14ms)
		EndReloadAssembly (802ms)
			LoadAssemblies (57ms)
			RebuildTransferFunctionScriptingTraits (0ms)
			SetupTypeCache (155ms)
				TypeCache.Initialize (152ms)
					TypeCache.ScanAssembly (150ms)
				ResolveRequiredComponents (2ms)
			ReleaseScriptCaches (0ms)
			RebuildScriptCaches (38ms)
			SetupLoadedEditorAssemblies (513ms)
				LogAssemblyErrors (0ms)
				InitializePlatformSupportModulesInManaged (10ms)
				SetLoadedEditorAssemblies (5ms)
				RefreshPlugins (31ms)
				BeforeProcessingInitializeOnLoad (56ms)
				ProcessInitializeOnLoadAttributes (379ms)
				ProcessInitializeOnLoadMethodAttributes (26ms)
				AfterProcessingInitializeOnLoad (6ms)
				EditorAssembliesLoaded (0ms)
			ExecutionOrderSort2 (0ms)
			AwakeInstancesAfterBackupRestoration (4ms)
Platform modules already initialized, skipping
========================================================================
Worker process is ready to serve import requests
Launched and connected shader compiler UnityShaderCompiler.exe after 0.06 seconds
Refreshing native plugins compatible for Editor in 0.47 ms, found 5 plugins.
Preloading 0 native plugins for Editor in 0.00 ms.
Unloading 2282 Unused Serialized files (Serialized files now loaded: 0)
Unloading 48 unused Assets / (59.0 KB). Loaded Objects now: 2774.
Memory consumption went from 117.4 MB to 117.4 MB.
Total: 5.628400 ms (FindLiveObjects: 0.214400 ms CreateObjectMapping: 0.149100 ms MarkObjects: 5.195700 ms  DeleteObjects: 0.068500 ms)

AssetImportParameters requested are different than current active one (requested -> active):
  custom:video-decoder-ogg-theora: a1e56fd34408186e4bbccfd4996cb3dc -> 
  custom:container-muxer-webm: aa71ff27fc2769a1b78a27578f13a17b -> 
  custom:container-demuxer-webm: 4f35f7cbe854078d1ac9338744f61a02 -> 
  custom:video-encoder-webm-vp8: eb34c28f22e8b96e1ab97ce403110664 -> 
  custom:video-codec-MediaFoundation-h265: 746d11721c4dcdbdad8f713fa42b33f4 -> 
  custom:audio-encoder-webm-vorbis: bf7c407c2cedff20999df2af8eb42d56 -> 
  custom:framework-win-MediaFoundation: 216162199b28c13a410421893ffa2e32 -> 
  custom:container-demuxer-ogg: 62fdf1f143b41e24485cea50d1cbac27 -> 
  custom:video-decoder-webm-vp8: 9c59270c3fd7afecdb556c50c9e8de78 -> 
  custom:audio-decoder-ogg-vorbis: bf7c407c2cedff20999df2af8eb42d56 -> 
========================================================================
Received Import Request.
  Time since last request: 82402.842532 seconds.
  path: Assets/Splash_Screen_Assets/PanDemicIcon.png
  artifactKey: Guid(5db4581dc9559bc499d4841e38315744) Importer(815301076,1909f56bfc062723c751e8b465ee728b)
Start importing Assets/Splash_Screen_Assets/PanDemicIcon.png using Guid(5db4581dc9559bc499d4841e38315744) Importer(815301076,1909f56bfc062723c751e8b465ee728b)  -> (artifact id: 'b3b971bd2017c3cecd67f382a9d998a9') in 0.123276 seconds 
========================================================================
Received Import Request.
  Time since last request: 18.205579 seconds.
  path: Packages/com.unity.2d.animation/package.json
  artifactKey: Guid(9e83c20a8293f44ec8a375d3805f477d) Importer(815301076,1909f56bfc062723c751e8b465ee728b)
Start importing Packages/com.unity.2d.animation/package.json using Guid(9e83c20a8293f44ec8a375d3805f477d) Importer(815301076,1909f56bfc062723c751e8b465ee728b)  -> (artifact id: 'aa88801deb70ec80417e89c3448013a9') in 0.007192 seconds 
========================================================================
Received Import Request.
  Time since last request: 384.842168 seconds.
  path: Assets/Game_Items/96dpi/ammo.png
  artifactKey: Guid(89f23bff12960d44b9e2ff317502a1eb) Importer(815301076,1909f56bfc062723c751e8b465ee728b)
Start importing Assets/Game_Items/96dpi/ammo.png using Guid(89f23bff12960d44b9e2ff317502a1eb) Importer(815301076,1909f56bfc062723c751e8b465ee728b)  -> (artifact id: '21bb2201df9800e5891171bd9750b025') in 0.035670 seconds 
========================================================================
Received Import Request.
  Time since last request: 0.000029 seconds.
  path: Assets/Game_Items/96dpi/backpack-1.png
  artifactKey: Guid(299599986b195ec44ba0d4bf6f4d4804) Importer(815301076,1909f56bfc062723c751e8b465ee728b)
Start importing Assets/Game_Items/96dpi/backpack-1.png using Guid(299599986b195ec44ba0d4bf6f4d4804) Importer(815301076,1909f56bfc062723c751e8b465ee728b)  -> (artifact id: 'f8bd09bbf30efac7dbd781b000cb0604') in 0.021515 seconds 
========================================================================
Received Import Request.
  Time since last request: 0.000013 seconds.
  path: Assets/Game_Items/150dpi/backpack-1.png
  artifactKey: Guid(0359593d501c6fe43a5177a20904233a) Importer(815301076,1909f56bfc062723c751e8b465ee728b)
Start importing Assets/Game_Items/150dpi/backpack-1.png using Guid(0359593d501c6fe43a5177a20904233a) Importer(815301076,1909f56bfc062723c751e8b465ee728b)  -> (artifact id: 'becc6752c1ffc0b3d62785bccfddeaa4') in 0.015700 seconds 
========================================================================
Received Import Request.
  Time since last request: 0.000013 seconds.
  path: Assets/Main_Scene_Assets/Forest_Assets/PSD/Background.psd
  artifactKey: Guid(5a9c3a6930689e64f8a0e61ea1a0cf8b) Importer(815301076,1909f56bfc062723c751e8b465ee728b)
Start importing Assets/Main_Scene_Assets/Forest_Assets/PSD/Background.psd using Guid(5a9c3a6930689e64f8a0e61ea1a0cf8b) Importer(815301076,1909f56bfc062723c751e8b465ee728b)  -> (artifact id: '26fe939e458f18c241ce348d6e58cecd') in 0.062120 seconds 
========================================================================
Received Import Request.
  Time since last request: 3.827983 seconds.
  path: Assets/Game_Items/300dpi/backpack-2.png
  artifactKey: Guid(3f69ebcf2fe7fcc4b8d1566ec5839fed) Importer(815301076,1909f56bfc062723c751e8b465ee728b)
Start importing Assets/Game_Items/300dpi/backpack-2.png using Guid(3f69ebcf2fe7fcc4b8d1566ec5839fed) Importer(815301076,1909f56bfc062723c751e8b465ee728b)  -> (artifact id: '1530b6f30ddbd75b3226956f8bc5099e') in 0.021243 seconds 
========================================================================
Received Import Request.
  Time since last request: 0.583206 seconds.
  path: Assets/Game_Items/300dpi/bandage.png
  artifactKey: Guid(720cd1c005f7fe54fbe270433f5424aa) Importer(815301076,1909f56bfc062723c751e8b465ee728b)
Start importing Assets/Game_Items/300dpi/bandage.png using Guid(720cd1c005f7fe54fbe270433f5424aa) Importer(815301076,1909f56bfc062723c751e8b465ee728b)  -> (artifact id: '0275f8cca250bde57d47109bec27b334') in 0.020984 seconds 
========================================================================
Received Import Request.
  Time since last request: 0.202049 seconds.
  path: Assets/Game_Items/150dpi/bandage.png
  artifactKey: Guid(2d221536262037b42833afa8c64081d0) Importer(815301076,1909f56bfc062723c751e8b465ee728b)
Start importing Assets/Game_Items/150dpi/bandage.png using Guid(2d221536262037b42833afa8c64081d0) Importer(815301076,1909f56bfc062723c751e8b465ee728b)  -> (artifact id: '1ed76aa53b75be264297f507823a99a3') in 0.015017 seconds 
