Using pre-set license
Built from 'trunk' branch; Version is '2022.1.0a12 (816252c3efbb) revision 8479314'; Using compiler version '192829333'; Build Type 'Release'
OS: 'Windows 10 Home; OS build 19042.1348; Version 2009; 64bit' Language: 'en' Physical Memory: 32685 MB
BatchMode: 1, IsHumanControllingUs: 0, StartBugReporterOnCrash: 0, Is64bit: 1, IsPro: 0

COMMAND LINE ARGUMENTS:
C:\Program Files\Unity\Hub\Editor\2022.1.0a12\Editor\Unity.exe
-adb2
-batchMode
-noUpm
-name
AssetImportWorker0
-projectPath
C:/Users/Pkwor/OneDrive/Documents/GitHub/Group1_Unity_Project/Group1_Shooter/README.md/Group1_Unity_Project/Group1_Unity_Project
-logFile
Logs/AssetImportWorker0.log
-srvPort
53820
Successfully changed project path to: C:/Users/Pkwor/OneDrive/Documents/GitHub/Group1_Unity_Project/Group1_Shooter/README.md/Group1_Unity_Project/Group1_Unity_Project
C:/Users/Pkwor/OneDrive/Documents/GitHub/Group1_Unity_Project/Group1_Shooter/README.md/Group1_Unity_Project/Group1_Unity_Project
[UnityMemory] Configuration Parameters - Can be set up in boot.config
    "memorysetup-bucket-allocator-granularity=16"
    "memorysetup-bucket-allocator-bucket-count=8"
    "memorysetup-bucket-allocator-block-size=33554432"
    "memorysetup-bucket-allocator-block-count=8"
    "memorysetup-main-allocator-block-size=16777216"
    "memorysetup-thread-allocator-block-size=16777216"
    "memorysetup-gfx-main-allocator-block-size=16777216"
    "memorysetup-gfx-thread-allocator-block-size=16777216"
    "memorysetup-cache-allocator-block-size=4194304"
    "memorysetup-typetree-allocator-block-size=2097152"
    "memorysetup-profiler-bucket-allocator-granularity=16"
    "memorysetup-profiler-bucket-allocator-bucket-count=8"
    "memorysetup-profiler-bucket-allocator-block-size=33554432"
    "memorysetup-profiler-bucket-allocator-block-count=8"
    "memorysetup-profiler-allocator-block-size=16777216"
    "memorysetup-profiler-editor-allocator-block-size=1048576"
    "memorysetup-temp-allocator-size-main=16777216"
    "memorysetup-job-temp-allocator-block-size=2097152"
    "memorysetup-job-temp-allocator-block-size-background=1048576"
    "memorysetup-job-temp-allocator-reduction-small-platforms=262144"
    "memorysetup-temp-allocator-size-background-worker=32768"
    "memorysetup-temp-allocator-size-job-worker=262144"
    "memorysetup-temp-allocator-size-preload-manager=33554432"
    "memorysetup-temp-allocator-size-nav-mesh-worker=65536"
    "memorysetup-temp-allocator-size-audio-worker=65536"
    "memorysetup-temp-allocator-size-cloud-worker=32768"
    "memorysetup-temp-allocator-size-gi-baking-worker=262144"
    "memorysetup-temp-allocator-size-gfx=262144"
Refreshing native plugins compatible for Editor in 36.99 ms, found 5 plugins.
Preloading 0 native plugins for Editor in 0.00 ms.
Initialize engine version: 2022.1.0a12 (816252c3efbb)
[Subsystems] Discovering subsystems at path C:/Program Files/Unity/Hub/Editor/2022.1.0a12/Editor/Data/Resources/UnitySubsystems
[Subsystems] Discovering subsystems at path C:/Users/Pkwor/OneDrive/Documents/GitHub/Group1_Unity_Project/Group1_Shooter/README.md/Group1_Unity_Project/Group1_Unity_Project/Assets
GfxDevice: creating device client; threaded=0; jobified=0
Direct3D:
    Version:  Direct3D 11.0 [level 11.1]
    Renderer: NVIDIA GeForce RTX 2070 (ID=0x1f02)
    Vendor:   NVIDIA
    VRAM:     8031 MB
    Driver:   30.0.14.7212
Initialize mono
Mono path[0] = 'C:/Program Files/Unity/Hub/Editor/2022.1.0a12/Editor/Data/Managed'
Mono path[1] = 'C:/Program Files/Unity/Hub/Editor/2022.1.0a12/Editor/Data/MonoBleedingEdge/lib/mono/unityjit-win32'
Mono config path = 'C:/Program Files/Unity/Hub/Editor/2022.1.0a12/Editor/Data/MonoBleedingEdge/etc'
Using monoOptions --debugger-agent=transport=dt_socket,embedding=1,server=y,suspend=n,address=127.0.0.1:56836
Begin MonoManager ReloadAssembly
Registering precompiled unity dll's ...
Register platform support module: C:/Program Files/Unity/Hub/Editor/2022.1.0a12/Editor/Data/PlaybackEngines/WebGLSupport/UnityEditor.WebGL.Extensions.dll
Register platform support module: C:/Program Files/Unity/Hub/Editor/2022.1.0a12/Editor/Data/PlaybackEngines/WindowsStandaloneSupport/UnityEditor.WindowsStandalone.Extensions.dll
Registered in 0.007419 seconds.
Native extension for WindowsStandalone target not found
Native extension for WebGL target not found
Refreshing native plugins compatible for Editor in 35.37 ms, found 5 plugins.
Preloading 0 native plugins for Editor in 0.00 ms.
Mono: successfully reloaded assembly
- Completed reload, in  0.736 seconds
Domain Reload Profiling:
	ReloadAssembly (736ms)
		BeginReloadAssembly (64ms)
			ExecutionOrderSort (0ms)
			DisableScriptedObjects (0ms)
			BackupInstance (0ms)
			ReleaseScriptingObjects (0ms)
			CreateAndSetChildDomain (1ms)
		EndReloadAssembly (367ms)
			LoadAssemblies (62ms)
			RebuildTransferFunctionScriptingTraits (0ms)
			SetupTypeCache (97ms)
				TypeCache.Initialize (96ms)
					TypeCache.ScanAssembly (95ms)
				ResolveRequiredComponents (0ms)
			ReleaseScriptCaches (0ms)
			RebuildScriptCaches (25ms)
			SetupLoadedEditorAssemblies (201ms)
				LogAssemblyErrors (0ms)
				InitializePlatformSupportModulesInManaged (7ms)
				SetLoadedEditorAssemblies (7ms)
				RefreshPlugins (35ms)
				BeforeProcessingInitializeOnLoad (2ms)
				ProcessInitializeOnLoadAttributes (114ms)
				ProcessInitializeOnLoadMethodAttributes (36ms)
				AfterProcessingInitializeOnLoad (0ms)
				EditorAssembliesLoaded (0ms)
			ExecutionOrderSort2 (0ms)
			AwakeInstancesAfterBackupRestoration (0ms)
Platform modules already initialized, skipping
Registering precompiled user dll's ...
Registered in 0.008283 seconds.
Begin MonoManager ReloadAssembly
Symbol file LoadedFromMemory is not a mono symbol file
Symbol file LoadedFromMemory is not a mono symbol file
Symbol file LoadedFromMemory is not a mono symbol file
Symbol file LoadedFromMemory is not a mono symbol file
Native extension for WindowsStandalone target not found
Native extension for WebGL target not found
Refreshing native plugins compatible for Editor in 35.36 ms, found 5 plugins.
Preloading 0 native plugins for Editor in 0.00 ms.
Mono: successfully reloaded assembly
- Completed reload, in  1.043 seconds
Domain Reload Profiling:
	ReloadAssembly (1044ms)
		BeginReloadAssembly (96ms)
			ExecutionOrderSort (0ms)
			DisableScriptedObjects (5ms)
			BackupInstance (0ms)
			ReleaseScriptingObjects (0ms)
			CreateAndSetChildDomain (15ms)
		EndReloadAssembly (859ms)
			LoadAssemblies (66ms)
			RebuildTransferFunctionScriptingTraits (0ms)
			SetupTypeCache (160ms)
				TypeCache.Initialize (158ms)
					TypeCache.ScanAssembly (155ms)
				ResolveRequiredComponents (2ms)
			ReleaseScriptCaches (0ms)
			RebuildScriptCaches (38ms)
			SetupLoadedEditorAssemblies (558ms)
				LogAssemblyErrors (0ms)
				InitializePlatformSupportModulesInManaged (10ms)
				SetLoadedEditorAssemblies (5ms)
				RefreshPlugins (35ms)
				BeforeProcessingInitializeOnLoad (58ms)
				ProcessInitializeOnLoadAttributes (405ms)
				ProcessInitializeOnLoadMethodAttributes (33ms)
				AfterProcessingInitializeOnLoad (11ms)
				EditorAssembliesLoaded (0ms)
			ExecutionOrderSort2 (0ms)
			AwakeInstancesAfterBackupRestoration (5ms)
Platform modules already initialized, skipping
========================================================================
Worker process is ready to serve import requests
Launched and connected shader compiler UnityShaderCompiler.exe after 0.07 seconds
Refreshing native plugins compatible for Editor in 0.73 ms, found 5 plugins.
Preloading 0 native plugins for Editor in 0.00 ms.
Unloading 2282 Unused Serialized files (Serialized files now loaded: 0)
Unloading 48 unused Assets / (59.0 KB). Loaded Objects now: 2774.
Memory consumption went from 117.4 MB to 117.4 MB.
Total: 3.198400 ms (FindLiveObjects: 0.184700 ms CreateObjectMapping: 0.103300 ms MarkObjects: 2.801900 ms  DeleteObjects: 0.107400 ms)

AssetImportParameters requested are different than current active one (requested -> active):
  custom:video-decoder-ogg-theora: a1e56fd34408186e4bbccfd4996cb3dc -> 
  custom:container-muxer-webm: aa71ff27fc2769a1b78a27578f13a17b -> 
  custom:container-demuxer-webm: 4f35f7cbe854078d1ac9338744f61a02 -> 
  custom:video-encoder-webm-vp8: eb34c28f22e8b96e1ab97ce403110664 -> 
  custom:video-codec-MediaFoundation-h265: 746d11721c4dcdbdad8f713fa42b33f4 -> 
  custom:audio-encoder-webm-vorbis: bf7c407c2cedff20999df2af8eb42d56 -> 
  custom:framework-win-MediaFoundation: 216162199b28c13a410421893ffa2e32 -> 
  custom:container-demuxer-ogg: 62fdf1f143b41e24485cea50d1cbac27 -> 
  custom:video-decoder-webm-vp8: 9c59270c3fd7afecdb556c50c9e8de78 -> 
  custom:audio-decoder-ogg-vorbis: bf7c407c2cedff20999df2af8eb42d56 -> 
========================================================================
Received Import Request.
  Time since last request: 82050.893514 seconds.
  path: Assets/Capsule.png
  artifactKey: Guid(dfb197d3854d6314fa9aaec00c6a9db9) Importer(815301076,1909f56bfc062723c751e8b465ee728b)
Start importing Assets/Capsule.png using Guid(dfb197d3854d6314fa9aaec00c6a9db9) Importer(815301076,1909f56bfc062723c751e8b465ee728b)  -> (artifact id: '7f6ac812a9cb4d6ea801a8c9ddab326f') in 0.085376 seconds 
========================================================================
Received Import Request.
  Time since last request: 26.706070 seconds.
  path: Assets/Game_Items/preview.png
  artifactKey: Guid(f9d96f4e7a15ef24c8c757d3388b9c20) Importer(815301076,1909f56bfc062723c751e8b465ee728b)
Start importing Assets/Game_Items/preview.png using Guid(f9d96f4e7a15ef24c8c757d3388b9c20) Importer(815301076,1909f56bfc062723c751e8b465ee728b)  -> (artifact id: 'a78914081c3ed17a6181a5274549a93b') in 0.111742 seconds 
========================================================================
Received Import Request.
  Time since last request: 14.145886 seconds.
  path: Assets/Scenes/Main.unity
  artifactKey: Guid(ec17b96182e69cb4ebeaee0fd5d622aa) Importer(815301076,1909f56bfc062723c751e8b465ee728b)
Start importing Assets/Scenes/Main.unity using Guid(ec17b96182e69cb4ebeaee0fd5d622aa) Importer(815301076,1909f56bfc062723c751e8b465ee728b)  -> (artifact id: '5f889b3fd3bc611e29fb70d62672d81f') in 0.008458 seconds 
========================================================================
Received Import Request.
  Time since last request: 278.758264 seconds.
  path: Assets/Menu_Assets/Menu_Colors.asset
  artifactKey: Guid(1bb74b5af365198409ca860240c59618) Importer(815301076,1909f56bfc062723c751e8b465ee728b)
Start importing Assets/Menu_Assets/Menu_Colors.asset using Guid(1bb74b5af365198409ca860240c59618) Importer(815301076,1909f56bfc062723c751e8b465ee728b)  -> (artifact id: 'd8cae902440cbfbfa9649baba231d064') in 0.009443 seconds 
========================================================================
Received Import Request.
  Time since last request: 0.000050 seconds.
  path: Assets/Menu_Assets/Virus_Purple.jpg
  artifactKey: Guid(c5c8c482d101c2940a21f5b8ed0c1c2b) Importer(815301076,1909f56bfc062723c751e8b465ee728b)
Start importing Assets/Menu_Assets/Virus_Purple.jpg using Guid(c5c8c482d101c2940a21f5b8ed0c1c2b) Importer(815301076,1909f56bfc062723c751e8b465ee728b)  -> (artifact id: '32c3cd3d5d13574cf474a1b86ddd56ac') in 0.106405 seconds 
========================================================================
Received Import Request.
  Time since last request: 0.000013 seconds.
  path: Assets/Menu_Assets/PanDemicIcon.png
  artifactKey: Guid(12981f2669df1d543bc17f351ccca501) Importer(815301076,1909f56bfc062723c751e8b465ee728b)
Start importing Assets/Menu_Assets/PanDemicIcon.png using Guid(12981f2669df1d543bc17f351ccca501) Importer(815301076,1909f56bfc062723c751e8b465ee728b)  -> (artifact id: '1b60bebc57e26e81a3efdb83e88bd821') in 0.028358 seconds 
========================================================================
Received Import Request.
  Time since last request: 31.972217 seconds.
  path: Assets/Splash_Screen_Assets/Title.png
  artifactKey: Guid(588064fbec019cf45bab53ddb5524b3d) Importer(815301076,1909f56bfc062723c751e8b465ee728b)
Start importing Assets/Splash_Screen_Assets/Title.png using Guid(588064fbec019cf45bab53ddb5524b3d) Importer(815301076,1909f56bfc062723c751e8b465ee728b)  -> (artifact id: '2d23477ce041c352b70d660a9209bcc4') in 0.032672 seconds 
========================================================================
Received Import Request.
  Time since last request: 0.000012 seconds.
  path: Assets/Splash_Screen_Assets/Virus_Purple.jpg
  artifactKey: Guid(e67d598d8e6f47641aac66587f27574a) Importer(815301076,1909f56bfc062723c751e8b465ee728b)
Start importing Assets/Splash_Screen_Assets/Virus_Purple.jpg using Guid(e67d598d8e6f47641aac66587f27574a) Importer(815301076,1909f56bfc062723c751e8b465ee728b)  -> (artifact id: '90154b836eb4d233238a8de39bc6d7cd') in 0.070811 seconds 
========================================================================
Received Import Request.
  Time since last request: 403.074960 seconds.
  path: Assets/Game_Items/150dpi/ammo.png
  artifactKey: Guid(aa57974480905bf499820ea43667c426) Importer(815301076,1909f56bfc062723c751e8b465ee728b)
Start importing Assets/Game_Items/150dpi/ammo.png using Guid(aa57974480905bf499820ea43667c426) Importer(815301076,1909f56bfc062723c751e8b465ee728b)  -> (artifact id: '17f2e253363589be1f911dc1533aa637') in 0.035189 seconds 
========================================================================
Received Import Request.
  Time since last request: 0.000061 seconds.
  path: Assets/Main_Scene_Assets/Forest_Assets/Preview/Background.png
  artifactKey: Guid(5d48136cf2cd63844b43942d2409c8d0) Importer(815301076,1909f56bfc062723c751e8b465ee728b)
Start importing Assets/Main_Scene_Assets/Forest_Assets/Preview/Background.png using Guid(5d48136cf2cd63844b43942d2409c8d0) Importer(815301076,1909f56bfc062723c751e8b465ee728b)  -> (artifact id: '862b065a99cff8da3c0a781a6e7dddd5') in 0.059284 seconds 
========================================================================
Received Import Request.
  Time since last request: 0.000013 seconds.
  path: Assets/Game_Items/300dpi/ammo.png
  artifactKey: Guid(9867e2715a85c6345a93f98353a7799d) Importer(815301076,1909f56bfc062723c751e8b465ee728b)
Start importing Assets/Game_Items/300dpi/ammo.png using Guid(9867e2715a85c6345a93f98353a7799d) Importer(815301076,1909f56bfc062723c751e8b465ee728b)  -> (artifact id: 'ff3359805384e3418a8b94ea677a0059') in 0.015339 seconds 
========================================================================
Received Import Request.
  Time since last request: 0.000013 seconds.
  path: Assets/Game_Items/300dpi/backpack-1.png
  artifactKey: Guid(12ecca8998715824f822cd52d4152545) Importer(815301076,1909f56bfc062723c751e8b465ee728b)
Start importing Assets/Game_Items/300dpi/backpack-1.png using Guid(12ecca8998715824f822cd52d4152545) Importer(815301076,1909f56bfc062723c751e8b465ee728b)  -> (artifact id: '3a076377f3071032d77e171fbcb83044') in 0.015257 seconds 
Editor requested this worker to shutdown with reason: Scaling down because of idle timeout
AssetImportWorker is now disconnected from the server
Process exiting
Exiting without the bug reporter. Application will terminate with return code 0