Using pre-set license
Built from 'trunk' branch; Version is '2022.1.0a12 (816252c3efbb) revision 8479314'; Using compiler version '192829333'; Build Type 'Release'
OS: 'Windows 10 Home; OS build 19042.1348; Version 2009; 64bit' Language: 'en' Physical Memory: 32685 MB
BatchMode: 1, IsHumanControllingUs: 0, StartBugReporterOnCrash: 0, Is64bit: 1, IsPro: 0

COMMAND LINE ARGUMENTS:
C:\Program Files\Unity\Hub\Editor\2022.1.0a12\Editor\Unity.exe
-adb2
-batchMode
-noUpm
-name
AssetImportWorker4
-projectPath
C:/Users/Pkwor/OneDrive/Documents/GitHub/Group1_Unity_Project/Group1_Shooter/README.md/Group1_Unity_Project/Group1_Unity_Project
-logFile
Logs/AssetImportWorker4.log
-srvPort
53820
Successfully changed project path to: C:/Users/Pkwor/OneDrive/Documents/GitHub/Group1_Unity_Project/Group1_Shooter/README.md/Group1_Unity_Project/Group1_Unity_Project
C:/Users/Pkwor/OneDrive/Documents/GitHub/Group1_Unity_Project/Group1_Shooter/README.md/Group1_Unity_Project/Group1_Unity_Project
[UnityMemory] Configuration Parameters - Can be set up in boot.config
    "memorysetup-bucket-allocator-granularity=16"
    "memorysetup-bucket-allocator-bucket-count=8"
    "memorysetup-bucket-allocator-block-size=33554432"
    "memorysetup-bucket-allocator-block-count=8"
    "memorysetup-main-allocator-block-size=16777216"
    "memorysetup-thread-allocator-block-size=16777216"
    "memorysetup-gfx-main-allocator-block-size=16777216"
    "memorysetup-gfx-thread-allocator-block-size=16777216"
    "memorysetup-cache-allocator-block-size=4194304"
    "memorysetup-typetree-allocator-block-size=2097152"
    "memorysetup-profiler-bucket-allocator-granularity=16"
    "memorysetup-profiler-bucket-allocator-bucket-count=8"
    "memorysetup-profiler-bucket-allocator-block-size=33554432"
    "memorysetup-profiler-bucket-allocator-block-count=8"
    "memorysetup-profiler-allocator-block-size=16777216"
    "memorysetup-profiler-editor-allocator-block-size=1048576"
    "memorysetup-temp-allocator-size-main=16777216"
    "memorysetup-job-temp-allocator-block-size=2097152"
    "memorysetup-job-temp-allocator-block-size-background=1048576"
    "memorysetup-job-temp-allocator-reduction-small-platforms=262144"
    "memorysetup-temp-allocator-size-background-worker=32768"
    "memorysetup-temp-allocator-size-job-worker=262144"
    "memorysetup-temp-allocator-size-preload-manager=33554432"
    "memorysetup-temp-allocator-size-nav-mesh-worker=65536"
    "memorysetup-temp-allocator-size-audio-worker=65536"
    "memorysetup-temp-allocator-size-cloud-worker=32768"
    "memorysetup-temp-allocator-size-gi-baking-worker=262144"
    "memorysetup-temp-allocator-size-gfx=262144"
Refreshing native plugins compatible for Editor in 35.79 ms, found 5 plugins.
Preloading 0 native plugins for Editor in 0.00 ms.
Initialize engine version: 2022.1.0a12 (816252c3efbb)
[Subsystems] Discovering subsystems at path C:/Program Files/Unity/Hub/Editor/2022.1.0a12/Editor/Data/Resources/UnitySubsystems
[Subsystems] Discovering subsystems at path C:/Users/Pkwor/OneDrive/Documents/GitHub/Group1_Unity_Project/Group1_Shooter/README.md/Group1_Unity_Project/Group1_Unity_Project/Assets
GfxDevice: creating device client; threaded=0; jobified=0
Direct3D:
    Version:  Direct3D 11.0 [level 11.1]
    Renderer: NVIDIA GeForce RTX 2070 (ID=0x1f02)
    Vendor:   NVIDIA
    VRAM:     8031 MB
    Driver:   30.0.14.7212
Initialize mono
Mono path[0] = 'C:/Program Files/Unity/Hub/Editor/2022.1.0a12/Editor/Data/Managed'
Mono path[1] = 'C:/Program Files/Unity/Hub/Editor/2022.1.0a12/Editor/Data/MonoBleedingEdge/lib/mono/unityjit-win32'
Mono config path = 'C:/Program Files/Unity/Hub/Editor/2022.1.0a12/Editor/Data/MonoBleedingEdge/etc'
Using monoOptions --debugger-agent=transport=dt_socket,embedding=1,server=y,suspend=n,address=127.0.0.1:56168
Begin MonoManager ReloadAssembly
Registering precompiled unity dll's ...
Register platform support module: C:/Program Files/Unity/Hub/Editor/2022.1.0a12/Editor/Data/PlaybackEngines/WebGLSupport/UnityEditor.WebGL.Extensions.dll
Register platform support module: C:/Program Files/Unity/Hub/Editor/2022.1.0a12/Editor/Data/PlaybackEngines/WindowsStandaloneSupport/UnityEditor.WindowsStandalone.Extensions.dll
Registered in 0.007478 seconds.
Native extension for WindowsStandalone target not found
Native extension for WebGL target not found
Refreshing native plugins compatible for Editor in 31.92 ms, found 5 plugins.
Preloading 0 native plugins for Editor in 0.00 ms.
Mono: successfully reloaded assembly
- Completed reload, in  0.737 seconds
Domain Reload Profiling:
	ReloadAssembly (738ms)
		BeginReloadAssembly (60ms)
			ExecutionOrderSort (0ms)
			DisableScriptedObjects (0ms)
			BackupInstance (0ms)
			ReleaseScriptingObjects (0ms)
			CreateAndSetChildDomain (1ms)
		EndReloadAssembly (353ms)
			LoadAssemblies (58ms)
			RebuildTransferFunctionScriptingTraits (0ms)
			SetupTypeCache (94ms)
				TypeCache.Initialize (93ms)
					TypeCache.ScanAssembly (92ms)
				ResolveRequiredComponents (1ms)
			ReleaseScriptCaches (0ms)
			RebuildScriptCaches (25ms)
			SetupLoadedEditorAssemblies (186ms)
				LogAssemblyErrors (0ms)
				InitializePlatformSupportModulesInManaged (7ms)
				SetLoadedEditorAssemblies (6ms)
				RefreshPlugins (32ms)
				BeforeProcessingInitializeOnLoad (1ms)
				ProcessInitializeOnLoadAttributes (102ms)
				ProcessInitializeOnLoadMethodAttributes (38ms)
				AfterProcessingInitializeOnLoad (0ms)
				EditorAssembliesLoaded (0ms)
			ExecutionOrderSort2 (0ms)
			AwakeInstancesAfterBackupRestoration (0ms)
Platform modules already initialized, skipping
Registering precompiled user dll's ...
Registered in 0.008285 seconds.
Begin MonoManager ReloadAssembly
Symbol file LoadedFromMemory is not a mono symbol file
Symbol file LoadedFromMemory is not a mono symbol file
Symbol file LoadedFromMemory is not a mono symbol file
Symbol file LoadedFromMemory is not a mono symbol file
Native extension for WindowsStandalone target not found
Native extension for WebGL target not found
Refreshing native plugins compatible for Editor in 31.97 ms, found 5 plugins.
Preloading 0 native plugins for Editor in 0.00 ms.
Mono: successfully reloaded assembly
- Completed reload, in  1.002 seconds
Domain Reload Profiling:
	ReloadAssembly (1003ms)
		BeginReloadAssembly (89ms)
			ExecutionOrderSort (0ms)
			DisableScriptedObjects (5ms)
			BackupInstance (0ms)
			ReleaseScriptingObjects (0ms)
			CreateAndSetChildDomain (15ms)
		EndReloadAssembly (831ms)
			LoadAssemblies (61ms)
			RebuildTransferFunctionScriptingTraits (0ms)
			SetupTypeCache (157ms)
				TypeCache.Initialize (155ms)
					TypeCache.ScanAssembly (152ms)
				ResolveRequiredComponents (2ms)
			ReleaseScriptCaches (0ms)
			RebuildScriptCaches (38ms)
			SetupLoadedEditorAssemblies (537ms)
				LogAssemblyErrors (0ms)
				InitializePlatformSupportModulesInManaged (10ms)
				SetLoadedEditorAssemblies (5ms)
				RefreshPlugins (32ms)
				BeforeProcessingInitializeOnLoad (58ms)
				ProcessInitializeOnLoadAttributes (397ms)
				ProcessInitializeOnLoadMethodAttributes (28ms)
				AfterProcessingInitializeOnLoad (7ms)
				EditorAssembliesLoaded (0ms)
			ExecutionOrderSort2 (0ms)
			AwakeInstancesAfterBackupRestoration (4ms)
Platform modules already initialized, skipping
========================================================================
Worker process is ready to serve import requests
Launched and connected shader compiler UnityShaderCompiler.exe after 0.06 seconds
Refreshing native plugins compatible for Editor in 0.57 ms, found 5 plugins.
Preloading 0 native plugins for Editor in 0.00 ms.
Unloading 2282 Unused Serialized files (Serialized files now loaded: 0)
Unloading 48 unused Assets / (59.0 KB). Loaded Objects now: 2774.
Memory consumption went from 117.4 MB to 117.4 MB.
Total: 3.867000 ms (FindLiveObjects: 0.241700 ms CreateObjectMapping: 0.138900 ms MarkObjects: 3.391800 ms  DeleteObjects: 0.093800 ms)

AssetImportParameters requested are different than current active one (requested -> active):
  custom:video-decoder-ogg-theora: a1e56fd34408186e4bbccfd4996cb3dc -> 
  custom:container-muxer-webm: aa71ff27fc2769a1b78a27578f13a17b -> 
  custom:container-demuxer-webm: 4f35f7cbe854078d1ac9338744f61a02 -> 
  custom:video-encoder-webm-vp8: eb34c28f22e8b96e1ab97ce403110664 -> 
  custom:video-codec-MediaFoundation-h265: 746d11721c4dcdbdad8f713fa42b33f4 -> 
  custom:audio-encoder-webm-vorbis: bf7c407c2cedff20999df2af8eb42d56 -> 
  custom:framework-win-MediaFoundation: 216162199b28c13a410421893ffa2e32 -> 
  custom:container-demuxer-ogg: 62fdf1f143b41e24485cea50d1cbac27 -> 
  custom:video-decoder-webm-vp8: 9c59270c3fd7afecdb556c50c9e8de78 -> 
  custom:audio-decoder-ogg-vorbis: bf7c407c2cedff20999df2af8eb42d56 -> 
========================================================================
Received Import Request.
  Time since last request: 82810.002276 seconds.
  path: Assets/Game_Items/150dpi/backpack-2.png
  artifactKey: Guid(8dd922e0d91017f4eb28b71fe3f476d6) Importer(815301076,1909f56bfc062723c751e8b465ee728b)
Start importing Assets/Game_Items/150dpi/backpack-2.png using Guid(8dd922e0d91017f4eb28b71fe3f476d6) Importer(815301076,1909f56bfc062723c751e8b465ee728b)  -> (artifact id: '81903534154da269b7c58e4f10fac82e') in 0.084630 seconds 
========================================================================
Received Import Request.
  Time since last request: 0.519713 seconds.
  path: Assets/Game_Items/96dpi/backpack-2.png
  artifactKey: Guid(e9b36b9e47f1f49468dc8b9c2a18927d) Importer(815301076,1909f56bfc062723c751e8b465ee728b)
Start importing Assets/Game_Items/96dpi/backpack-2.png using Guid(e9b36b9e47f1f49468dc8b9c2a18927d) Importer(815301076,1909f56bfc062723c751e8b465ee728b)  -> (artifact id: 'b4448256f00db5c501e98b50c9d34b81') in 0.014570 seconds 
========================================================================
Received Import Request.
  Time since last request: 0.208299 seconds.
  path: Assets/Game_Items/96dpi/bandage.png
  artifactKey: Guid(55d319343d6d686429960c7dce53140d) Importer(815301076,1909f56bfc062723c751e8b465ee728b)
Start importing Assets/Game_Items/96dpi/bandage.png using Guid(55d319343d6d686429960c7dce53140d) Importer(815301076,1909f56bfc062723c751e8b465ee728b)  -> (artifact id: '32e7943c42251419229cc00088aa2a76') in 0.013218 seconds 
========================================================================
Received Import Request.
  Time since last request: 630.274002 seconds.
  path: Assets/PlayerController.cs
  artifactKey: Guid(a7df63dc25c119e49afa3628880ad489) Importer(815301076,1909f56bfc062723c751e8b465ee728b)
Start importing Assets/PlayerController.cs using Guid(a7df63dc25c119e49afa3628880ad489) Importer(815301076,1909f56bfc062723c751e8b465ee728b)  -> (artifact id: '5d0a164bcd93a1645a6121ca516fd9c2') in 0.008471 seconds 
========================================================================
Received Import Request.
  Time since last request: 6.699145 seconds.
  path: Assets/CameraController.cs
  artifactKey: Guid(a0f5b1ff6000f554d8f436262057f2b1) Importer(815301076,1909f56bfc062723c751e8b465ee728b)
Start importing Assets/CameraController.cs using Guid(a0f5b1ff6000f554d8f436262057f2b1) Importer(815301076,1909f56bfc062723c751e8b465ee728b)  -> (artifact id: 'd62f2ed5b494e73e2c05268f7aa7b5e4') in 0.005521 seconds 
========================================================================
Received Import Request.
  Time since last request: 2013.217189 seconds.
  path: Assets/Parallaxing.cs
  artifactKey: Guid(3ea9f62e597805843a750aceea39e748) Importer(815301076,1909f56bfc062723c751e8b465ee728b)
Start importing Assets/Parallaxing.cs using Guid(3ea9f62e597805843a750aceea39e748) Importer(815301076,1909f56bfc062723c751e8b465ee728b)  -> (artifact id: 'a349fb4edf00e02e7218550133425cd1') in 0.005723 seconds 
========================================================================
Received Import Request.
  Time since last request: 321.119934 seconds.
  path: Assets/Parallaxing.cs
  artifactKey: Guid(3ea9f62e597805843a750aceea39e748) Importer(815301076,1909f56bfc062723c751e8b465ee728b)
Start importing Assets/Parallaxing.cs using Guid(3ea9f62e597805843a750aceea39e748) Importer(815301076,1909f56bfc062723c751e8b465ee728b)  -> (artifact id: '12ba188e17eb4418542a607c72521937') in 0.001557 seconds 
========================================================================
Received Import Request.
  Time since last request: 321.792876 seconds.
  path: Assets/Parallaxing.cs
  artifactKey: Guid(3ea9f62e597805843a750aceea39e748) Importer(815301076,1909f56bfc062723c751e8b465ee728b)
Start importing Assets/Parallaxing.cs using Guid(3ea9f62e597805843a750aceea39e748) Importer(815301076,1909f56bfc062723c751e8b465ee728b)  -> (artifact id: 'c99e4751584cd2f207f635dcff23e63c') in 0.001609 seconds 
========================================================================
Received Import Request.
  Time since last request: 166.901410 seconds.
  path: Assets
  artifactKey: Guid(00000000000000001000000000000000) Importer(815301076,1909f56bfc062723c751e8b465ee728b)
Start importing Assets using Guid(00000000000000001000000000000000) Importer(815301076,1909f56bfc062723c751e8b465ee728b)  -> (artifact id: '31858aa9811287a817ef9c584839beb1') in 0.005917 seconds 
========================================================================
Received Import Request.
  Time since last request: 24.443424 seconds.
  path: Assets/Parallaxing2.cs
  artifactKey: Guid(bffff96eaa958a44da44df42d204dc8f) Importer(815301076,1909f56bfc062723c751e8b465ee728b)
Start importing Assets/Parallaxing2.cs using Guid(bffff96eaa958a44da44df42d204dc8f) Importer(815301076,1909f56bfc062723c751e8b465ee728b)  -> (artifact id: 'c5bdd3a6ab856e12c9ca59094f84a6d8') in 0.005850 seconds 
========================================================================
Received Import Request.
  Time since last request: 59.002619 seconds.
  path: Assets/Parallaxing2.cs
  artifactKey: Guid(bffff96eaa958a44da44df42d204dc8f) Importer(815301076,1909f56bfc062723c751e8b465ee728b)
Start importing Assets/Parallaxing2.cs using Guid(bffff96eaa958a44da44df42d204dc8f) Importer(815301076,1909f56bfc062723c751e8b465ee728b)  -> (artifact id: 'dab24ce35ecfe16a607007e1fb8a35f7') in 0.001464 seconds 
========================================================================
Received Import Request.
  Time since last request: 146.704288 seconds.
  path: Assets/Parall.cs
  artifactKey: Guid(398e11d867d89a7429a5700fd433ed05) Importer(815301076,1909f56bfc062723c751e8b465ee728b)
Start importing Assets/Parall.cs using Guid(398e11d867d89a7429a5700fd433ed05) Importer(815301076,1909f56bfc062723c751e8b465ee728b)  -> (artifact id: '323e2c123f9fa39ed7879dc8d44d94c8') in 0.005091 seconds 
========================================================================
Received Import Request.
  Time since last request: 267.459766 seconds.
  path: Assets/Main_Scene_Assets/Scroll.cs
  artifactKey: Guid(0fc928c625e41d44fa849bbf02854f32) Importer(815301076,1909f56bfc062723c751e8b465ee728b)
Start importing Assets/Main_Scene_Assets/Scroll.cs using Guid(0fc928c625e41d44fa849bbf02854f32) Importer(815301076,1909f56bfc062723c751e8b465ee728b)  -> (artifact id: '21b5b77318e96ec7f3a3b4d23efe70f5') in 0.005077 seconds 
========================================================================
Received Prepare
Registering precompiled user dll's ...
Registered in 0.007948 seconds.
Begin MonoManager ReloadAssembly
Symbol file LoadedFromMemory is not a mono symbol file
Symbol file LoadedFromMemory is not a mono symbol file
Symbol file LoadedFromMemory is not a mono symbol file
Symbol file LoadedFromMemory is not a mono symbol file
Native extension for WindowsStandalone target not found
Native extension for WebGL target not found
Refreshing native plugins compatible for Editor in 0.47 ms, found 5 plugins.
Preloading 0 native plugins for Editor in 0.00 ms.
Mono: successfully reloaded assembly
- Completed reload, in  0.950 seconds
Domain Reload Profiling:
	ReloadAssembly (951ms)
		BeginReloadAssembly (120ms)
			ExecutionOrderSort (0ms)
			DisableScriptedObjects (5ms)
			BackupInstance (0ms)
			ReleaseScriptingObjects (0ms)
			CreateAndSetChildDomain (34ms)
		EndReloadAssembly (736ms)
			LoadAssemblies (72ms)
			RebuildTransferFunctionScriptingTraits (0ms)
			SetupTypeCache (188ms)
				TypeCache.Initialize (185ms)
					TypeCache.ScanAssembly (181ms)
				ResolveRequiredComponents (3ms)
			ReleaseScriptCaches (1ms)
			RebuildScriptCaches (39ms)
			SetupLoadedEditorAssemblies (378ms)
				LogAssemblyErrors (0ms)
				InitializePlatformSupportModulesInManaged (12ms)
				SetLoadedEditorAssemblies (5ms)
				RefreshPlugins (1ms)
				BeforeProcessingInitializeOnLoad (56ms)
				ProcessInitializeOnLoadAttributes (275ms)
				ProcessInitializeOnLoadMethodAttributes (22ms)
				AfterProcessingInitializeOnLoad (7ms)
				EditorAssembliesLoaded (0ms)
			ExecutionOrderSort2 (0ms)
			AwakeInstancesAfterBackupRestoration (17ms)
Platform modules already initialized, skipping
Refreshing native plugins compatible for Editor in 0.59 ms, found 5 plugins.
Preloading 0 native plugins for Editor in 0.00 ms.
Unloading 2261 Unused Serialized files (Serialized files now loaded: 0)
Unloading 37 unused Assets / (26.1 KB). Loaded Objects now: 2832.
Memory consumption went from 120.8 MB to 120.7 MB.
Total: 3.527300 ms (FindLiveObjects: 0.183800 ms CreateObjectMapping: 0.128000 ms MarkObjects: 3.170000 ms  DeleteObjects: 0.045000 ms)

AssetImportParameters requested are different than current active one (requested -> active):
  custom:video-decoder-ogg-theora: a1e56fd34408186e4bbccfd4996cb3dc -> 
  custom:container-muxer-webm: aa71ff27fc2769a1b78a27578f13a17b -> 
  custom:container-demuxer-webm: 4f35f7cbe854078d1ac9338744f61a02 -> 
  custom:video-encoder-webm-vp8: eb34c28f22e8b96e1ab97ce403110664 -> 
  custom:video-codec-MediaFoundation-h265: 746d11721c4dcdbdad8f713fa42b33f4 -> 
  custom:audio-encoder-webm-vorbis: bf7c407c2cedff20999df2af8eb42d56 -> 
  custom:framework-win-MediaFoundation: 216162199b28c13a410421893ffa2e32 -> 
  custom:container-demuxer-ogg: 62fdf1f143b41e24485cea50d1cbac27 -> 
  custom:video-decoder-webm-vp8: 9c59270c3fd7afecdb556c50c9e8de78 -> 
  custom:audio-decoder-ogg-vorbis: bf7c407c2cedff20999df2af8eb42d56 -> 
